<?xml version="1.0" encoding="UTF-8"?>
<coverage generated="1589397638705" clover="3.2.0">
  <project timestamp="1589397638705" name="All files">
    <metrics statements="41" coveredstatements="41" conditionals="16" coveredconditionals="15" methods="12" coveredmethods="12" elements="69" coveredelements="68" complexity="0" loc="41" ncloc="41" packages="1" files="1" classes="1"/>
    <file name="index.js" path="/home/magrini/documents/courses/acelera-dev-react/modulo04/nodejs-12/src/index.js">
      <metrics statements="41" coveredstatements="41" conditionals="16" coveredconditionals="15" methods="12" coveredmethods="12"/>
      <line num="1" count="1" type="stmt"/>
      <line num="5" count="4" type="stmt"/>
      <line num="6" count="100" type="stmt"/>
      <line num="7" count="417" type="cond" truecount="2" falsecount="0"/>
      <line num="8" count="82" type="stmt"/>
      <line num="14" count="4" type="stmt"/>
      <line num="15" count="18" type="stmt"/>
      <line num="17" count="18" type="cond" truecount="2" falsecount="0"/>
      <line num="19" count="18" type="stmt"/>
      <line num="20" count="18" type="stmt"/>
      <line num="28" count="4" type="cond" truecount="2" falsecount="0"/>
      <line num="29" count="3" type="cond" truecount="2" falsecount="0"/>
      <line num="30" count="2" type="cond" truecount="2" falsecount="0"/>
      <line num="31" count="1" type="cond" truecount="1" falsecount="1"/>
      <line num="36" count="4" type="stmt"/>
      <line num="37" count="18" type="stmt"/>
      <line num="43" count="4" type="stmt"/>
      <line num="48" count="4" type="stmt"/>
      <line num="49" count="18" type="stmt"/>
      <line num="50" count="18" type="stmt"/>
      <line num="51" count="18" type="stmt"/>
      <line num="52" count="27" type="cond" truecount="2" falsecount="0"/>
      <line num="53" count="15" type="stmt"/>
      <line num="54" count="15" type="stmt"/>
      <line num="55" count="15" type="stmt"/>
      <line num="58" count="18" type="cond" truecount="2" falsecount="0"/>
      <line num="60" count="4" type="stmt"/>
      <line num="65" count="4" type="stmt"/>
      <line num="70" count="4" type="stmt"/>
      <line num="71" count="18" type="stmt"/>
      <line num="72" count="18" type="stmt"/>
      <line num="76" count="18" type="stmt"/>
      <line num="78" count="4" type="stmt"/>
      <line num="88" count="4" type="stmt"/>
      <line num="89" count="4" type="stmt"/>
      <line num="91" count="4" type="stmt"/>
      <line num="92" count="4" type="stmt"/>
      <line num="93" count="4" type="stmt"/>
      <line num="95" count="4" type="stmt"/>
      <line num="97" count="4" type="stmt"/>
      <line num="100" count="1" type="stmt"/>
    </file>
  </project>
</coverage>
