{"/home/magrini/documents/courses/acelera-dev-react/modulo04/nodejs-12/src/index.js": {"path":"/home/magrini/documents/courses/acelera-dev-react/modulo04/nodejs-12/src/index.js","statementMap":{"0":{"start":{"line":1,"column":19},"end":{"line":1,"column":77}},"1":{"start":{"line":5,"column":1},"end":{"line":9,"column":3}},"2":{"start":{"line":6,"column":2},"end":{"line":7,"column":40}},"3":{"start":{"line":6,"column":14},"end":{"line":6,"column":15}},"4":{"start":{"line":7,"column":3},"end":{"line":7,"column":40}},"5":{"start":{"line":7,"column":28},"end":{"line":7,"column":40}},"6":{"start":{"line":8,"column":2},"end":{"line":8,"column":15}},"7":{"start":{"line":14,"column":24},"end":{"line":27,"column":3}},"8":{"start":{"line":15,"column":17},"end":{"line":15,"column":27}},"9":{"start":{"line":17,"column":2},"end":{"line":17,"column":81}},"10":{"start":{"line":17,"column":45},"end":{"line":17,"column":81}},"11":{"start":{"line":19,"column":2},"end":{"line":19,"column":42}},"12":{"start":{"line":20,"column":2},"end":{"line":20,"column":18}},"13":{"start":{"line":28,"column":1},"end":{"line":28,"column":60}},"14":{"start":{"line":28,"column":52},"end":{"line":28,"column":60}},"15":{"start":{"line":29,"column":1},"end":{"line":29,"column":60}},"16":{"start":{"line":29,"column":52},"end":{"line":29,"column":60}},"17":{"start":{"line":30,"column":1},"end":{"line":30,"column":60}},"18":{"start":{"line":30,"column":52},"end":{"line":30,"column":60}},"19":{"start":{"line":31,"column":1},"end":{"line":31,"column":60}},"20":{"start":{"line":31,"column":52},"end":{"line":31,"column":60}},"21":{"start":{"line":36,"column":1},"end":{"line":38,"column":19}},"22":{"start":{"line":37,"column":2},"end":{"line":37,"column":38}},"23":{"start":{"line":43,"column":30},"end":{"line":43,"column":31}},"24":{"start":{"line":48,"column":1},"end":{"line":59,"column":3}},"25":{"start":{"line":49,"column":21},"end":{"line":49,"column":26}},"26":{"start":{"line":50,"column":25},"end":{"line":50,"column":43}},"27":{"start":{"line":51,"column":2},"end":{"line":57,"column":3}},"28":{"start":{"line":51,"column":14},"end":{"line":51,"column":15}},"29":{"start":{"line":52,"column":3},"end":{"line":56,"column":4}},"30":{"start":{"line":53,"column":4},"end":{"line":53,"column":57}},"31":{"start":{"line":54,"column":4},"end":{"line":54,"column":24}},"32":{"start":{"line":55,"column":4},"end":{"line":55,"column":10}},"33":{"start":{"line":58,"column":2},"end":{"line":58,"column":67}},"34":{"start":{"line":58,"column":20},"end":{"line":58,"column":67}},"35":{"start":{"line":60,"column":1},"end":{"line":60,"column":54}},"36":{"start":{"line":65,"column":1},"end":{"line":65,"column":56}},"37":{"start":{"line":70,"column":22},"end":{"line":77,"column":7}},"38":{"start":{"line":71,"column":17},"end":{"line":71,"column":27}},"39":{"start":{"line":72,"column":2},"end":{"line":75,"column":4}},"40":{"start":{"line":76,"column":2},"end":{"line":76,"column":18}},"41":{"start":{"line":78,"column":1},"end":{"line":84,"column":2}},"42":{"start":{"line":88,"column":18},"end":{"line":88,"column":48}},"43":{"start":{"line":89,"column":19},"end":{"line":89,"column":44}},"44":{"start":{"line":91,"column":35},"end":{"line":91,"column":73}},"45":{"start":{"line":92,"column":32},"end":{"line":92,"column":90}},"46":{"start":{"line":93,"column":23},"end":{"line":93,"column":73}},"47":{"start":{"line":95,"column":28},"end":{"line":95,"column":87}},"48":{"start":{"line":97,"column":1},"end":{"line":97,"column":118}},"49":{"start":{"line":100,"column":0},"end":{"line":107,"column":3}}},"fnMap":{"0":{"name":"getProducts","decl":{"start":{"line":4,"column":9},"end":{"line":4,"column":20}},"loc":{"start":{"line":4,"column":40},"end":{"line":10,"column":1}},"line":4},"1":{"name":"(anonymous_1)","decl":{"start":{"line":5,"column":28},"end":{"line":5,"column":29}},"loc":{"start":{"line":5,"column":41},"end":{"line":9,"column":2}},"line":5},"2":{"name":"selectPromotion","decl":{"start":{"line":13,"column":9},"end":{"line":13,"column":24}},"loc":{"start":{"line":13,"column":39},"end":{"line":32,"column":1}},"line":13},"3":{"name":"(anonymous_3)","decl":{"start":{"line":14,"column":44},"end":{"line":14,"column":45}},"loc":{"start":{"line":14,"column":71},"end":{"line":21,"column":2}},"line":14},"4":{"name":"getTotalPriceWithoutDiscount","decl":{"start":{"line":35,"column":9},"end":{"line":35,"column":37}},"loc":{"start":{"line":35,"column":51},"end":{"line":39,"column":1}},"line":35},"5":{"name":"(anonymous_5)","decl":{"start":{"line":36,"column":38},"end":{"line":36,"column":39}},"loc":{"start":{"line":36,"column":58},"end":{"line":38,"column":2}},"line":36},"6":{"name":"getTotalPriceWithDiscount","decl":{"start":{"line":42,"column":9},"end":{"line":42,"column":34}},"loc":{"start":{"line":42,"column":59},"end":{"line":61,"column":1}},"line":42},"7":{"name":"(anonymous_7)","decl":{"start":{"line":48,"column":17},"end":{"line":48,"column":18}},"loc":{"start":{"line":48,"column":30},"end":{"line":59,"column":2}},"line":48},"8":{"name":"calculePercentage","decl":{"start":{"line":64,"column":9},"end":{"line":64,"column":26}},"loc":{"start":{"line":64,"column":54},"end":{"line":66,"column":1}},"line":64},"9":{"name":"createShoppingCart","decl":{"start":{"line":69,"column":9},"end":{"line":69,"column":27}},"loc":{"start":{"line":69,"column":100},"end":{"line":85,"column":1}},"line":69},"10":{"name":"(anonymous_10)","decl":{"start":{"line":70,"column":42},"end":{"line":70,"column":43}},"loc":{"start":{"line":70,"column":62},"end":{"line":77,"column":2}},"line":70},"11":{"name":"getShoppingCart","decl":{"start":{"line":87,"column":9},"end":{"line":87,"column":24}},"loc":{"start":{"line":87,"column":44},"end":{"line":98,"column":1}},"line":87}},"branchMap":{"0":{"loc":{"start":{"line":7,"column":3},"end":{"line":7,"column":40}},"type":"if","locations":[{"start":{"line":7,"column":3},"end":{"line":7,"column":40}},{"start":{"line":7,"column":3},"end":{"line":7,"column":40}}],"line":7},"1":{"loc":{"start":{"line":17,"column":2},"end":{"line":17,"column":81}},"type":"if","locations":[{"start":{"line":17,"column":2},"end":{"line":17,"column":81}},{"start":{"line":17,"column":2},"end":{"line":17,"column":81}}],"line":17},"2":{"loc":{"start":{"line":28,"column":1},"end":{"line":28,"column":60}},"type":"if","locations":[{"start":{"line":28,"column":1},"end":{"line":28,"column":60}},{"start":{"line":28,"column":1},"end":{"line":28,"column":60}}],"line":28},"3":{"loc":{"start":{"line":29,"column":1},"end":{"line":29,"column":60}},"type":"if","locations":[{"start":{"line":29,"column":1},"end":{"line":29,"column":60}},{"start":{"line":29,"column":1},"end":{"line":29,"column":60}}],"line":29},"4":{"loc":{"start":{"line":30,"column":1},"end":{"line":30,"column":60}},"type":"if","locations":[{"start":{"line":30,"column":1},"end":{"line":30,"column":60}},{"start":{"line":30,"column":1},"end":{"line":30,"column":60}}],"line":30},"5":{"loc":{"start":{"line":31,"column":1},"end":{"line":31,"column":60}},"type":"if","locations":[{"start":{"line":31,"column":1},"end":{"line":31,"column":60}},{"start":{"line":31,"column":1},"end":{"line":31,"column":60}}],"line":31},"6":{"loc":{"start":{"line":52,"column":3},"end":{"line":56,"column":4}},"type":"if","locations":[{"start":{"line":52,"column":3},"end":{"line":56,"column":4}},{"start":{"line":52,"column":3},"end":{"line":56,"column":4}}],"line":52},"7":{"loc":{"start":{"line":58,"column":2},"end":{"line":58,"column":67}},"type":"if","locations":[{"start":{"line":58,"column":2},"end":{"line":58,"column":67}},{"start":{"line":58,"column":2},"end":{"line":58,"column":67}}],"line":58}},"s":{"0":1,"1":4,"2":100,"3":100,"4":417,"5":18,"6":82,"7":4,"8":18,"9":18,"10":10,"11":18,"12":18,"13":4,"14":1,"15":3,"16":1,"17":2,"18":1,"19":1,"20":1,"21":4,"22":18,"23":4,"24":4,"25":18,"26":18,"27":18,"28":18,"29":27,"30":15,"31":15,"32":15,"33":18,"34":3,"35":4,"36":4,"37":4,"38":18,"39":18,"40":18,"41":4,"42":4,"43":4,"44":4,"45":4,"46":4,"47":4,"48":4,"49":1},"f":{"0":4,"1":100,"2":4,"3":18,"4":4,"5":18,"6":4,"7":18,"8":4,"9":4,"10":18,"11":4},"b":{"0":[18,399],"1":[10,8],"2":[1,3],"3":[1,2],"4":[1,1],"5":[1,0],"6":[15,12],"7":[3,15]},"_coverageSchema":"1a1c01bbd47fc00a2c39e90264f33305004495a9","hash":"0a8f0666da74d3be5a8e1aa68dd761af50b6d6f4"}
}
