TN:
SF:src/index.js
FN:4,getProducts
FN:5,(anonymous_1)
FN:13,selectPromotion
FN:14,(anonymous_3)
FN:35,getTotalPriceWithoutDiscount
FN:36,(anonymous_5)
FN:42,getTotalPriceWithDiscount
FN:48,(anonymous_7)
FN:64,calculePercentage
FN:69,createShoppingCart
FN:70,(anonymous_10)
FN:87,getShoppingCart
FNF:12
FNH:12
FNDA:4,getProducts
FNDA:100,(anonymous_1)
FNDA:4,selectPromotion
FNDA:18,(anonymous_3)
FNDA:4,getTotalPriceWithoutDiscount
FNDA:18,(anonymous_5)
FNDA:4,getTotalPriceWithDiscount
FNDA:18,(anonymous_7)
FNDA:4,calculePercentage
FNDA:4,createShoppingCart
FNDA:18,(anonymous_10)
FNDA:4,getShoppingCart
DA:1,1
DA:5,4
DA:6,100
DA:7,417
DA:8,82
DA:14,4
DA:15,18
DA:17,18
DA:19,18
DA:20,18
DA:28,4
DA:29,3
DA:30,2
DA:31,1
DA:36,4
DA:37,18
DA:43,4
DA:48,4
DA:49,18
DA:50,18
DA:51,18
DA:52,27
DA:53,15
DA:54,15
DA:55,15
DA:58,18
DA:60,4
DA:65,4
DA:70,4
DA:71,18
DA:72,18
DA:76,18
DA:78,4
DA:88,4
DA:89,4
DA:91,4
DA:92,4
DA:93,4
DA:95,4
DA:97,4
DA:100,1
LF:41
LH:41
BRDA:7,0,0,18
BRDA:7,0,1,399
BRDA:17,1,0,10
BRDA:17,1,1,8
BRDA:28,2,0,1
BRDA:28,2,1,3
BRDA:29,3,0,1
BRDA:29,3,1,2
BRDA:30,4,0,1
BRDA:30,4,1,1
BRDA:31,5,0,1
BRDA:31,5,1,0
BRDA:52,6,0,15
BRDA:52,6,1,12
BRDA:58,7,0,3
BRDA:58,7,1,15
BRF:16
BRH:15
end_of_record
