{"/home/magrini/documents/courses/acelera-dev-react/modulo04/hora-do-codigo/filter.js": {"path":"/home/magrini/documents/courses/acelera-dev-react/modulo04/hora-do-codigo/filter.js","statementMap":{"0":{"start":{"line":2,"column":4},"end":{"line":4,"column":7}},"1":{"start":{"line":3,"column":8},"end":{"line":3,"column":43}},"2":{"start":{"line":8,"column":4},"end":{"line":10,"column":7}},"3":{"start":{"line":9,"column":8},"end":{"line":9,"column":39}},"4":{"start":{"line":14,"column":23},"end":{"line":14,"column":37}},"5":{"start":{"line":15,"column":4},"end":{"line":15,"column":45}},"6":{"start":{"line":19,"column":4},"end":{"line":19,"column":65}},"7":{"start":{"line":19,"column":42},"end":{"line":19,"column":64}},"8":{"start":{"line":23,"column":30},"end":{"line":23,"column":60}},"9":{"start":{"line":24,"column":22},"end":{"line":24,"column":37}},"10":{"start":{"line":25,"column":4},"end":{"line":35,"column":6}},"11":{"start":{"line":26,"column":8},"end":{"line":32,"column":9}},"12":{"start":{"line":27,"column":12},"end":{"line":30,"column":13}},"13":{"start":{"line":31,"column":12},"end":{"line":31,"column":19}},"14":{"start":{"line":34,"column":8},"end":{"line":34,"column":43}},"15":{"start":{"line":36,"column":4},"end":{"line":36,"column":23}},"16":{"start":{"line":40,"column":22},"end":{"line":42,"column":10}},"17":{"start":{"line":41,"column":8},"end":{"line":41,"column":57}},"18":{"start":{"line":43,"column":4},"end":{"line":43,"column":29}},"19":{"start":{"line":46,"column":0},"end":{"line":53,"column":2}}},"fnMap":{"0":{"name":"filterByStatus","decl":{"start":{"line":1,"column":9},"end":{"line":1,"column":23}},"loc":{"start":{"line":1,"column":45},"end":{"line":5,"column":1}},"line":1},"1":{"name":"(anonymous_1)","decl":{"start":{"line":2,"column":30},"end":{"line":2,"column":31}},"loc":{"start":{"line":2,"column":46},"end":{"line":4,"column":5}},"line":2},"2":{"name":"filterByGender","decl":{"start":{"line":7,"column":9},"end":{"line":7,"column":23}},"loc":{"start":{"line":7,"column":42},"end":{"line":11,"column":1}},"line":7},"3":{"name":"(anonymous_3)","decl":{"start":{"line":8,"column":30},"end":{"line":8,"column":31}},"loc":{"start":{"line":8,"column":46},"end":{"line":10,"column":5}},"line":8},"4":{"name":"getEpisodeFromURL","decl":{"start":{"line":13,"column":9},"end":{"line":13,"column":26}},"loc":{"start":{"line":13,"column":32},"end":{"line":16,"column":1}},"line":13},"5":{"name":"generateEpisodeList","decl":{"start":{"line":18,"column":9},"end":{"line":18,"column":28}},"loc":{"start":{"line":18,"column":40},"end":{"line":20,"column":1}},"line":18},"6":{"name":"(anonymous_6)","decl":{"start":{"line":19,"column":33},"end":{"line":19,"column":34}},"loc":{"start":{"line":19,"column":42},"end":{"line":19,"column":64}},"line":19},"7":{"name":"mapCharacterToEpisodes","decl":{"start":{"line":22,"column":9},"end":{"line":22,"column":31}},"loc":{"start":{"line":22,"column":53},"end":{"line":37,"column":1}},"line":22},"8":{"name":"(anonymous_8)","decl":{"start":{"line":25,"column":26},"end":{"line":25,"column":27}},"loc":{"start":{"line":25,"column":37},"end":{"line":35,"column":5}},"line":25},"9":{"name":"filterByEpisode","decl":{"start":{"line":39,"column":9},"end":{"line":39,"column":24}},"loc":{"start":{"line":39,"column":47},"end":{"line":44,"column":1}},"line":39},"10":{"name":"(anonymous_10)","decl":{"start":{"line":40,"column":41},"end":{"line":40,"column":42}},"loc":{"start":{"line":40,"column":65},"end":{"line":42,"column":5}},"line":40}},"branchMap":{"0":{"loc":{"start":{"line":26,"column":8},"end":{"line":32,"column":9}},"type":"if","locations":[{"start":{"line":26,"column":8},"end":{"line":32,"column":9}},{"start":{"line":26,"column":8},"end":{"line":32,"column":9}}],"line":26}},"s":{"0":3,"1":60,"2":3,"3":60,"4":177,"5":177,"6":22,"7":176,"8":21,"9":21,"10":21,"11":174,"12":138,"13":138,"14":36,"15":21,"16":1,"17":20,"18":1,"19":1},"f":{"0":3,"1":60,"2":3,"3":60,"4":177,"5":22,"6":176,"7":21,"8":174,"9":1,"10":20},"b":{"0":[138,36]},"_coverageSchema":"1a1c01bbd47fc00a2c39e90264f33305004495a9","hash":"ad56724342d1c4a098eb4587b3ce3b0da0e6d7ae"}
}
