TN:
SF:filter.js
FN:1,filterByStatus
FN:2,(anonymous_1)
FN:7,filterByGender
FN:8,(anonymous_3)
FN:13,getEpisodeFromURL
FN:18,generateEpisodeList
FN:19,(anonymous_6)
FN:22,mapCharacterToEpisodes
FN:25,(anonymous_8)
FN:39,filterByEpisode
FN:40,(anonymous_10)
FNF:11
FNH:11
FNDA:3,filterByStatus
FNDA:60,(anonymous_1)
FNDA:3,filterByGender
FNDA:60,(anonymous_3)
FNDA:177,getEpisodeFromURL
FNDA:22,generateEpisodeList
FNDA:176,(anonymous_6)
FNDA:21,mapCharacterToEpisodes
FNDA:174,(anonymous_8)
FNDA:1,filterByEpisode
FNDA:20,(anonymous_10)
DA:2,3
DA:3,60
DA:8,3
DA:9,60
DA:14,177
DA:15,177
DA:19,176
DA:23,21
DA:24,21
DA:25,21
DA:26,174
DA:27,138
DA:31,138
DA:34,36
DA:36,21
DA:40,1
DA:41,20
DA:43,1
DA:46,1
LF:19
LH:19
BRDA:26,0,0,138
BRDA:26,0,1,36
BRF:2
BRH:2
end_of_record
