<?xml version="1.0" encoding="UTF-8"?>
<coverage generated="1588550451107" clover="3.2.0">
  <project timestamp="1588550451108" name="All files">
    <metrics statements="6" coveredstatements="6" conditionals="10" coveredconditionals="10" methods="4" coveredmethods="4" elements="20" coveredelements="20" complexity="0" loc="6" ncloc="6" packages="1" files="1" classes="1"/>
    <file name="calculadora.js" path="/home/magrini/documents/courses/acelera-dev-react/modulo04/testes/calculadora.js">
      <metrics statements="6" coveredstatements="6" conditionals="10" coveredconditionals="10" methods="4" coveredmethods="4"/>
      <line num="2" count="2" type="stmt"/>
      <line num="6" count="2" type="stmt"/>
      <line num="10" count="2" type="stmt"/>
      <line num="14" count="3" type="cond" truecount="2" falsecount="0"/>
      <line num="15" count="2" type="stmt"/>
      <line num="18" count="1" type="stmt"/>
    </file>
  </project>
</coverage>
