{"/home/magrini/documents/courses/acelera-dev-react/modulo04/testes/calculadora.js": {"path":"/home/magrini/documents/courses/acelera-dev-react/modulo04/testes/calculadora.js","statementMap":{"0":{"start":{"line":2,"column":4},"end":{"line":2,"column":23}},"1":{"start":{"line":6,"column":4},"end":{"line":6,"column":23}},"2":{"start":{"line":10,"column":4},"end":{"line":10,"column":23}},"3":{"start":{"line":14,"column":4},"end":{"line":14,"column":27}},"4":{"start":{"line":14,"column":18},"end":{"line":14,"column":27}},"5":{"start":{"line":15,"column":4},"end":{"line":15,"column":23}},"6":{"start":{"line":18,"column":0},"end":{"line":23,"column":1}}},"fnMap":{"0":{"name":"add","decl":{"start":{"line":1,"column":9},"end":{"line":1,"column":12}},"loc":{"start":{"line":1,"column":33},"end":{"line":3,"column":1}},"line":1},"1":{"name":"sub","decl":{"start":{"line":5,"column":9},"end":{"line":5,"column":12}},"loc":{"start":{"line":5,"column":33},"end":{"line":7,"column":1}},"line":5},"2":{"name":"mult","decl":{"start":{"line":9,"column":9},"end":{"line":9,"column":13}},"loc":{"start":{"line":9,"column":34},"end":{"line":11,"column":1}},"line":9},"3":{"name":"div","decl":{"start":{"line":13,"column":9},"end":{"line":13,"column":12}},"loc":{"start":{"line":13,"column":33},"end":{"line":16,"column":1}},"line":13}},"branchMap":{"0":{"loc":{"start":{"line":1,"column":13},"end":{"line":1,"column":21}},"type":"default-arg","locations":[{"start":{"line":1,"column":20},"end":{"line":1,"column":21}}],"line":1},"1":{"loc":{"start":{"line":1,"column":23},"end":{"line":1,"column":31}},"type":"default-arg","locations":[{"start":{"line":1,"column":30},"end":{"line":1,"column":31}}],"line":1},"2":{"loc":{"start":{"line":5,"column":13},"end":{"line":5,"column":21}},"type":"default-arg","locations":[{"start":{"line":5,"column":20},"end":{"line":5,"column":21}}],"line":5},"3":{"loc":{"start":{"line":5,"column":23},"end":{"line":5,"column":31}},"type":"default-arg","locations":[{"start":{"line":5,"column":30},"end":{"line":5,"column":31}}],"line":5},"4":{"loc":{"start":{"line":9,"column":14},"end":{"line":9,"column":22}},"type":"default-arg","locations":[{"start":{"line":9,"column":21},"end":{"line":9,"column":22}}],"line":9},"5":{"loc":{"start":{"line":9,"column":24},"end":{"line":9,"column":32}},"type":"default-arg","locations":[{"start":{"line":9,"column":31},"end":{"line":9,"column":32}}],"line":9},"6":{"loc":{"start":{"line":13,"column":13},"end":{"line":13,"column":21}},"type":"default-arg","locations":[{"start":{"line":13,"column":20},"end":{"line":13,"column":21}}],"line":13},"7":{"loc":{"start":{"line":13,"column":23},"end":{"line":13,"column":31}},"type":"default-arg","locations":[{"start":{"line":13,"column":30},"end":{"line":13,"column":31}}],"line":13},"8":{"loc":{"start":{"line":14,"column":4},"end":{"line":14,"column":27}},"type":"if","locations":[{"start":{"line":14,"column":4},"end":{"line":14,"column":27}},{"start":{"line":14,"column":4},"end":{"line":14,"column":27}}],"line":14}},"s":{"0":2,"1":2,"2":2,"3":3,"4":1,"5":2,"6":1},"f":{"0":2,"1":2,"2":2,"3":3},"b":{"0":[1],"1":[1],"2":[1],"3":[1],"4":[1],"5":[1],"6":[1],"7":[1],"8":[1,2]},"_coverageSchema":"1a1c01bbd47fc00a2c39e90264f33305004495a9","hash":"324576c3c718b3a7ec86abc727289722c5bff640"}
}
